<?xml version="1.0" encoding="UTF-8"?>
<!-- Generated by org.testng.reporters.JUnitReportReporter -->
<testsuite hostname="Oguzs-MacBook-Air.local" failures="0" tests="1" name="TestPlan" time="9.909" errors="0" timestamp="2021-07-14T18:37:56 TRT" skipped="0">
  <testcase classname="TestPlan" name="openClusterPage" time="9.909"/>
  <system-out/>
</testsuite> <!-- TestPlan -->
